Job started at: Tue May  5 08:33:59 EDT 2026
Job ID: 52598828
Job Name: run-clot-former
Node: gpuk004
GPU: 1
Working Directory: /scratch/rra80/ClotFormer
Python Path: 
Current git commit: 
99488f5
Tue May  5 08:34:19 2026       
+---------------------------------------------------------------------------------------+
| NVIDIA-SMI 535.154.05             Driver Version: 535.154.05   CUDA Version: 12.2     |
|-----------------------------------------+----------------------+----------------------+
| GPU  Name                 Persistence-M | Bus-Id        Disp.A | Volatile Uncorr. ECC |
| Fan  Temp   Perf          Pwr:Usage/Cap |         Memory-Usage | GPU-Util  Compute M. |
|                                         |                      |               MIG M. |
|=========================================+======================+======================|
|   0  NVIDIA A100-PCIE-40GB          On  | 00000000:17:00.0 Off |                    0 |
| N/A   31C    P0              40W / 250W |   2583MiB / 40960MiB |     19%      Default |
|                                         |                      |             Disabled |
+-----------------------------------------+----------------------+----------------------+
|   1  NVIDIA A100-PCIE-40GB          On  | 00000000:31:00.0 Off |                    0 |
| N/A   32C    P0              36W / 250W |      0MiB / 40960MiB |      0%      Default |
|                                         |                      |             Disabled |
+-----------------------------------------+----------------------+----------------------+
|   2  NVIDIA A100-PCIE-40GB          On  | 00000000:B1:00.0 Off |                    0 |
| N/A   29C    P0              36W / 250W |      0MiB / 40960MiB |      0%      Default |
|                                         |                      |             Disabled |
+-----------------------------------------+----------------------+----------------------+
|   3  NVIDIA A100-PCIE-40GB          On  | 00000000:CA:00.0 Off |                    0 |
| N/A   30C    P0              39W / 250W |   2381MiB / 40960MiB |     14%      Default |
|                                         |                      |             Disabled |
+-----------------------------------------+----------------------+----------------------+
                                                                                         
+---------------------------------------------------------------------------------------+
| Processes:                                                                            |
|  GPU   GI   CI        PID   Type   Process name                            GPU Memory |
|        ID   ID                                                             Usage      |
|=======================================================================================|
|    0   N/A  N/A     19070      C   python                                     2574MiB |
|    3   N/A  N/A     14922      C   python                                     2372MiB |
+---------------------------------------------------------------------------------------+
Starting SwinV2 finetuning...
Job completed at: Tue May  5 08:37:36 EDT 2026
